生成启动时间为 2016/12/10 8:40:59。
     1>项目“D:\My Documents\Documents\Github\LeetCode\412FizzBuzz\412FizzBuzz\412FizzBuzz.vcxproj”在节点 2 上(build 个目标)。
     1>InitializeBuildStatus:
         正在创建“Debug\412FizzBuzz.unsuccessfulbuild”，因为已指定“AlwaysCreate”。
       ClCompile:
         C:\Program Files (x86)\Microsoft Visual Studio 10.0\VC\bin\CL.exe /c /ZI /nologo /W3 /WX- /Od /Oy- /D WIN32 /D _DEBUG /D _CONSOLE /D _UNICODE /D UNICODE /Gm /EHsc /RTC1 /MDd /GS /fp:precise /Zc:wchar_t /Zc:forScope /Fo"Debug\\" /Fd"Debug\vc100.pdb" /Gd /TP /analyze- /errorReport:prompt FizzBuzz.cpp
         FizzBuzz.cpp
     1>d:\my documents\documents\github\leetcode\412fizzbuzz\412fizzbuzz\fizzbuzz.cpp(25): warning C4996: 'sprintf': This function or variable may be unsafe. Consider using sprintf_s instead. To disable deprecation, use _CRT_SECURE_NO_WARNINGS. See online help for details.
                 c:\program files (x86)\microsoft visual studio 10.0\vc\include\stdio.h(371) : 参见“sprintf”的声明
       ManifestResourceCompile:
         所有输出均为最新。
       Link:
         C:\Program Files (x86)\Microsoft Visual Studio 10.0\VC\bin\link.exe /ERRORREPORT:PROMPT /OUT:"D:\My Documents\Documents\Github\LeetCode\412FizzBuzz\Debug\412FizzBuzz.exe" /INCREMENTAL /NOLOGO kernel32.lib user32.lib gdi32.lib winspool.lib comdlg32.lib advapi32.lib shell32.lib ole32.lib oleaut32.lib uuid.lib odbc32.lib odbccp32.lib /MANIFEST /ManifestFile:"Debug\412FizzBuzz.exe.intermediate.manifest" /MANIFESTUAC:"level='asInvoker' uiAccess='false'" /DEBUG /PDB:"D:\My Documents\Documents\Github\LeetCode\412FizzBuzz\Debug\412FizzBuzz.pdb" /SUBSYSTEM:CONSOLE /TLBID:1 /DYNAMICBASE /NXCOMPAT /IMPLIB:"D:\My Documents\Documents\Github\LeetCode\412FizzBuzz\Debug\412FizzBuzz.lib" /MACHINE:X86 Debug\412FizzBuzz.exe.embed.manifest.res
         Debug\FizzBuzz.obj
       Manifest:
         C:\Program Files (x86)\Microsoft SDKs\Windows\v7.0A\bin\mt.exe /nologo /verbose /out:"Debug\412FizzBuzz.exe.embed.manifest" /manifest Debug\412FizzBuzz.exe.intermediate.manifest
         所有输出均为最新。
       LinkEmbedManifest:
         所有输出均为最新。
         412FizzBuzz.vcxproj -> D:\My Documents\Documents\Github\LeetCode\412FizzBuzz\Debug\412FizzBuzz.exe
       FinalizeBuildStatus:
         正在删除文件“Debug\412FizzBuzz.unsuccessfulbuild”。
         正在对“Debug\412FizzBuzz.lastbuildstate”执行 Touch 任务。
     1>已完成生成项目“D:\My Documents\Documents\Github\LeetCode\412FizzBuzz\412FizzBuzz\412FizzBuzz.vcxproj”(build 个目标)的操作。

生成成功。

已用时间 00:00:01.28
